0 info it worked if it ends with ok
1 verbose cli [ 'C:\\Program Files (x86)\\nodejs\\\\node.exe',
1 verbose cli   'C:\\Program Files (x86)\\nodejs\\node_modules\\npm\\bin\\npm-cli.js',
1 verbose cli   'install',
1 verbose cli   'ScrollMagic' ]
2 info using npm@2.7.4
3 info using node@v0.12.2
4 verbose node symlink C:\Program Files (x86)\nodejs\\node.exe
5 warn package.json Personal_Website@1.0.0 No description
6 warn package.json Personal_Website@1.0.0 No repository field.
7 warn package.json Personal_Website@1.0.0 No README data
8 silly cache add args [ 'ScrollMagic', null ]
9 verbose cache add spec ScrollMagic
10 silly cache add parsed spec { raw: 'ScrollMagic',
10 silly cache add   scope: null,
10 silly cache add   name: 'ScrollMagic',
10 silly cache add   rawSpec: '',
10 silly cache add   spec: '*',
10 silly cache add   type: 'range' }
11 verbose addNamed ScrollMagic@*
12 silly addNamed semver.valid null
13 silly addNamed semver.validRange *
14 silly addNameRange { name: 'ScrollMagic', range: '*', hasData: false }
15 silly mapToRegistry name ScrollMagic
16 silly mapToRegistry using default registry
17 silly mapToRegistry registry https://registry.npmjs.org/
18 silly mapToRegistry uri https://registry.npmjs.org/ScrollMagic
19 verbose addNameRange registry:https://registry.npmjs.org/ScrollMagic not in flight; fetching
20 verbose request uri https://registry.npmjs.org/ScrollMagic
21 verbose request no auth needed
22 info attempt registry request try #1 at 7:24:52 PM
23 verbose request id 288424707595bcfe
24 http request GET https://registry.npmjs.org/ScrollMagic
25 http 404 https://registry.npmjs.org/ScrollMagic
26 verbose headers { 'content-type': 'application/json',
26 verbose headers   'cache-control': 'max-age=0',
26 verbose headers   'content-length': '2',
26 verbose headers   'accept-ranges': 'bytes',
26 verbose headers   date: 'Thu, 17 Dec 2015 00:24:52 GMT',
26 verbose headers   via: '1.1 varnish',
26 verbose headers   age: '0',
26 verbose headers   connection: 'keep-alive',
26 verbose headers   'x-served-by': 'cache-dfw1823-DFW',
26 verbose headers   'x-cache': 'MISS',
26 verbose headers   'x-cache-hits': '0',
26 verbose headers   'x-timer': 'S1450311892.268970,VS0,VE189' }
27 silly get cb [ 404,
27 silly get   { 'content-type': 'application/json',
27 silly get     'cache-control': 'max-age=0',
27 silly get     'content-length': '2',
27 silly get     'accept-ranges': 'bytes',
27 silly get     date: 'Thu, 17 Dec 2015 00:24:52 GMT',
27 silly get     via: '1.1 varnish',
27 silly get     age: '0',
27 silly get     connection: 'keep-alive',
27 silly get     'x-served-by': 'cache-dfw1823-DFW',
27 silly get     'x-cache': 'MISS',
27 silly get     'x-cache-hits': '0',
27 silly get     'x-timer': 'S1450311892.268970,VS0,VE189' } ]
28 verbose stack Error: Registry returned 404 for GET on https://registry.npmjs.org/ScrollMagic
28 verbose stack     at CachingRegistryClient.<anonymous> (C:\Program Files (x86)\nodejs\node_modules\npm\node_modules\npm-registry-client\lib\request.js:239:14)
28 verbose stack     at Request._callback (C:\Program Files (x86)\nodejs\node_modules\npm\node_modules\npm-registry-client\lib\request.js:170:14)
28 verbose stack     at Request.self.callback (C:\Program Files (x86)\nodejs\node_modules\npm\node_modules\request\request.js:344:22)
28 verbose stack     at Request.emit (events.js:110:17)
28 verbose stack     at Request.<anonymous> (C:\Program Files (x86)\nodejs\node_modules\npm\node_modules\request\request.js:1239:14)
28 verbose stack     at Request.emit (events.js:129:20)
28 verbose stack     at IncomingMessage.<anonymous> (C:\Program Files (x86)\nodejs\node_modules\npm\node_modules\request\request.js:1187:12)
28 verbose stack     at IncomingMessage.emit (events.js:129:20)
28 verbose stack     at _stream_readable.js:908:16
28 verbose stack     at process._tickCallback (node.js:355:11)
29 verbose statusCode 404
30 verbose pkgid ScrollMagic
31 verbose cwd C:\Users\Akila\Desktop\Personal_Website
32 error Windows_NT 6.3.9600
33 error argv "C:\\Program Files (x86)\\nodejs\\\\node.exe" "C:\\Program Files (x86)\\nodejs\\node_modules\\npm\\bin\\npm-cli.js" "install" "ScrollMagic"
34 error node v0.12.2
35 error npm  v2.7.4
36 error code E404
37 error 404 Registry returned 404 for GET on https://registry.npmjs.org/ScrollMagic
37 error 404
37 error 404 'ScrollMagic' is not in the npm registry.
37 error 404 You should bug the author to publish it (or use the name yourself!)
37 error 404 It was specified as a dependency of 'Personal_Website'
37 error 404
37 error 404 Note that you can also install from a
37 error 404 tarball, folder, http url, or git url.
38 verbose exit [ 1, true ]
